<?xml version="1.0" encoding="UTF-8"?>
<testsuite xmlns:xsi="http://www.w3.org/2001/XMLSchema-instance" xsi:noNamespaceSchemaLocation="https://maven.apache.org/surefire/maven-surefire-plugin/xsd/surefire-test-report-3.0.xsd" version="3.0" name="com.gy.cbl.service.impl.UserServiceImplTest" time="0.96" tests="1" errors="0" skipped="0" failures="0">
  <properties>
    <property name="java.specification.version" value="22"/>
    <property name="sun.jnu.encoding" value="UTF-8"/>
    <property name="java.class.path" value="/home/seele_vollerei/Code/Java/cloud_book_library/target/test-classes:/home/seele_vollerei/Code/Java/cloud_book_library/target/classes:/home/seele_vollerei/.m2/repository/jakarta/servlet/jakarta.servlet-api/5.0.0/jakarta.servlet-api-5.0.0.jar:/home/seele_vollerei/.m2/repository/jakarta/servlet/jsp/jstl/jakarta.servlet.jsp.jstl-api/2.0.0/jakarta.servlet.jsp.jstl-api-2.0.0.jar:/home/seele_vollerei/.m2/repository/jakarta/el/jakarta.el-api/4.0.0/jakarta.el-api-4.0.0.jar:/home/seele_vollerei/.m2/repository/jakarta/xml/bind/jakarta.xml.bind-api/3.0.0/jakarta.xml.bind-api-3.0.0.jar:/home/seele_vollerei/.m2/repository/com/sun/activation/jakarta.activation/2.0.0/jakarta.activation-2.0.0.jar:/home/seele_vollerei/.m2/repository/org/glassfish/web/jakarta.servlet.jsp.jstl/2.0.0/jakarta.servlet.jsp.jstl-2.0.0.jar:/home/seele_vollerei/.m2/repository/org/springframework/spring-core/6.1.6/spring-core-6.1.6.jar:/home/seele_vollerei/.m2/repository/org/springframework/spring-jcl/6.1.6/spring-jcl-6.1.6.jar:/home/seele_vollerei/.m2/repository/org/springframework/spring-context/6.1.6/spring-context-6.1.6.jar:/home/seele_vollerei/.m2/repository/org/springframework/spring-aop/6.1.6/spring-aop-6.1.6.jar:/home/seele_vollerei/.m2/repository/org/springframework/spring-expression/6.1.6/spring-expression-6.1.6.jar:/home/seele_vollerei/.m2/repository/io/micrometer/micrometer-observation/1.12.5/micrometer-observation-1.12.5.jar:/home/seele_vollerei/.m2/repository/io/micrometer/micrometer-commons/1.12.5/micrometer-commons-1.12.5.jar:/home/seele_vollerei/.m2/repository/org/springframework/spring-beans/6.1.6/spring-beans-6.1.6.jar:/home/seele_vollerei/.m2/repository/org/springframework/spring-context-support/6.1.6/spring-context-support-6.1.6.jar:/home/seele_vollerei/.m2/repository/org/springframework/spring-webmvc/6.1.6/spring-webmvc-6.1.6.jar:/home/seele_vollerei/.m2/repository/org/springframework/spring-web/6.1.6/spring-web-6.1.6.jar:/home/seele_vollerei/.m2/repository/org/springframework/spring-test/6.1.6/spring-test-6.1.6.jar:/home/seele_vollerei/.m2/repository/org/springframework/spring-aspects/6.1.6/spring-aspects-6.1.6.jar:/home/seele_vollerei/.m2/repository/org/aspectj/aspectjweaver/1.9.22/aspectjweaver-1.9.22.jar:/home/seele_vollerei/.m2/repository/org/springframework/spring-jdbc/6.1.6/spring-jdbc-6.1.6.jar:/home/seele_vollerei/.m2/repository/org/springframework/spring-tx/6.1.6/spring-tx-6.1.6.jar:/home/seele_vollerei/.m2/repository/org/hibernate/validator/hibernate-validator/8.0.0.Final/hibernate-validator-8.0.0.Final.jar:/home/seele_vollerei/.m2/repository/jakarta/validation/jakarta.validation-api/3.0.2/jakarta.validation-api-3.0.2.jar:/home/seele_vollerei/.m2/repository/org/jboss/logging/jboss-logging/3.4.1.Final/jboss-logging-3.4.1.Final.jar:/home/seele_vollerei/.m2/repository/com/fasterxml/classmate/1.5.1/classmate-1.5.1.jar:/home/seele_vollerei/.m2/repository/org/mybatis/mybatis/3.5.13/mybatis-3.5.13.jar:/home/seele_vollerei/.m2/repository/org/mybatis/mybatis-spring/3.0.3/mybatis-spring-3.0.3.jar:/home/seele_vollerei/.m2/repository/com/github/pagehelper/pagehelper/6.1.0/pagehelper-6.1.0.jar:/home/seele_vollerei/.m2/repository/com/github/jsqlparser/jsqlparser/4.7/jsqlparser-4.7.jar:/home/seele_vollerei/.m2/repository/com/mysql/mysql-connector-j/8.4.0/mysql-connector-j-8.4.0.jar:/home/seele_vollerei/.m2/repository/com/google/protobuf/protobuf-java/3.25.1/protobuf-java-3.25.1.jar:/home/seele_vollerei/.m2/repository/org/apache/commons/commons-dbcp2/2.12.0/commons-dbcp2-2.12.0.jar:/home/seele_vollerei/.m2/repository/org/apache/commons/commons-pool2/2.12.0/commons-pool2-2.12.0.jar:/home/seele_vollerei/.m2/repository/commons-logging/commons-logging/1.3.0/commons-logging-1.3.0.jar:/home/seele_vollerei/.m2/repository/jakarta/transaction/jakarta.transaction-api/1.3.3/jakarta.transaction-api-1.3.3.jar:/home/seele_vollerei/.m2/repository/org/jasypt/jasypt/1.9.3/jasypt-1.9.3.jar:/home/seele_vollerei/.m2/repository/org/projectlombok/lombok/1.18.30/lombok-1.18.30.jar:/home/seele_vollerei/.m2/repository/jakarta/annotation/jakarta.annotation-api/2.1.1/jakarta.annotation-api-2.1.1.jar:/home/seele_vollerei/.m2/repository/com/fasterxml/jackson/core/jackson-databind/2.14.2/jackson-databind-2.14.2.jar:/home/seele_vollerei/.m2/repository/com/fasterxml/jackson/core/jackson-annotations/2.14.2/jackson-annotations-2.14.2.jar:/home/seele_vollerei/.m2/repository/com/fasterxml/jackson/core/jackson-core/2.14.2/jackson-core-2.14.2.jar:/home/seele_vollerei/.m2/repository/org/junit/jupiter/junit-jupiter-api/5.9.2/junit-jupiter-api-5.9.2.jar:/home/seele_vollerei/.m2/repository/org/opentest4j/opentest4j/1.2.0/opentest4j-1.2.0.jar:/home/seele_vollerei/.m2/repository/org/junit/platform/junit-platform-commons/1.9.2/junit-platform-commons-1.9.2.jar:/home/seele_vollerei/.m2/repository/org/apiguardian/apiguardian-api/1.1.2/apiguardian-api-1.1.2.jar:/home/seele_vollerei/.m2/repository/org/junit/jupiter/junit-jupiter-engine/5.9.2/junit-jupiter-engine-5.9.2.jar:/home/seele_vollerei/.m2/repository/org/junit/platform/junit-platform-engine/1.9.2/junit-platform-engine-1.9.2.jar:"/>
    <property name="java.vm.vendor" value="Red Hat, Inc."/>
    <property name="sun.arch.data.model" value="64"/>
    <property name="java.vendor.url" value="https://www.redhat.com/"/>
    <property name="user.timezone" value="Asia/Shanghai"/>
    <property name="os.name" value="Linux"/>
    <property name="java.vm.specification.version" value="22"/>
    <property name="sun.java.launcher" value="SUN_STANDARD"/>
    <property name="sun.boot.library.path" value="/usr/lib/jvm/java-22-openjdk-22.0.0.0.36-2.rolling.fc40.x86_64/lib"/>
    <property name="sun.java.command" value="/home/seele_vollerei/Code/Java/cloud_book_library/target/surefire/surefirebooter-20240509172554467_3.jar /home/seele_vollerei/Code/Java/cloud_book_library/target/surefire 2024-05-09T17-25-54_387-jvmRun1 surefire-20240509172554467_1tmp surefire_0-20240509172554467_2tmp"/>
    <property name="jdk.debug" value="release"/>
    <property name="surefire.test.class.path" value="/home/seele_vollerei/Code/Java/cloud_book_library/target/test-classes:/home/seele_vollerei/Code/Java/cloud_book_library/target/classes:/home/seele_vollerei/.m2/repository/jakarta/servlet/jakarta.servlet-api/5.0.0/jakarta.servlet-api-5.0.0.jar:/home/seele_vollerei/.m2/repository/jakarta/servlet/jsp/jstl/jakarta.servlet.jsp.jstl-api/2.0.0/jakarta.servlet.jsp.jstl-api-2.0.0.jar:/home/seele_vollerei/.m2/repository/jakarta/el/jakarta.el-api/4.0.0/jakarta.el-api-4.0.0.jar:/home/seele_vollerei/.m2/repository/jakarta/xml/bind/jakarta.xml.bind-api/3.0.0/jakarta.xml.bind-api-3.0.0.jar:/home/seele_vollerei/.m2/repository/com/sun/activation/jakarta.activation/2.0.0/jakarta.activation-2.0.0.jar:/home/seele_vollerei/.m2/repository/org/glassfish/web/jakarta.servlet.jsp.jstl/2.0.0/jakarta.servlet.jsp.jstl-2.0.0.jar:/home/seele_vollerei/.m2/repository/org/springframework/spring-core/6.1.6/spring-core-6.1.6.jar:/home/seele_vollerei/.m2/repository/org/springframework/spring-jcl/6.1.6/spring-jcl-6.1.6.jar:/home/seele_vollerei/.m2/repository/org/springframework/spring-context/6.1.6/spring-context-6.1.6.jar:/home/seele_vollerei/.m2/repository/org/springframework/spring-aop/6.1.6/spring-aop-6.1.6.jar:/home/seele_vollerei/.m2/repository/org/springframework/spring-expression/6.1.6/spring-expression-6.1.6.jar:/home/seele_vollerei/.m2/repository/io/micrometer/micrometer-observation/1.12.5/micrometer-observation-1.12.5.jar:/home/seele_vollerei/.m2/repository/io/micrometer/micrometer-commons/1.12.5/micrometer-commons-1.12.5.jar:/home/seele_vollerei/.m2/repository/org/springframework/spring-beans/6.1.6/spring-beans-6.1.6.jar:/home/seele_vollerei/.m2/repository/org/springframework/spring-context-support/6.1.6/spring-context-support-6.1.6.jar:/home/seele_vollerei/.m2/repository/org/springframework/spring-webmvc/6.1.6/spring-webmvc-6.1.6.jar:/home/seele_vollerei/.m2/repository/org/springframework/spring-web/6.1.6/spring-web-6.1.6.jar:/home/seele_vollerei/.m2/repository/org/springframework/spring-test/6.1.6/spring-test-6.1.6.jar:/home/seele_vollerei/.m2/repository/org/springframework/spring-aspects/6.1.6/spring-aspects-6.1.6.jar:/home/seele_vollerei/.m2/repository/org/aspectj/aspectjweaver/1.9.22/aspectjweaver-1.9.22.jar:/home/seele_vollerei/.m2/repository/org/springframework/spring-jdbc/6.1.6/spring-jdbc-6.1.6.jar:/home/seele_vollerei/.m2/repository/org/springframework/spring-tx/6.1.6/spring-tx-6.1.6.jar:/home/seele_vollerei/.m2/repository/org/hibernate/validator/hibernate-validator/8.0.0.Final/hibernate-validator-8.0.0.Final.jar:/home/seele_vollerei/.m2/repository/jakarta/validation/jakarta.validation-api/3.0.2/jakarta.validation-api-3.0.2.jar:/home/seele_vollerei/.m2/repository/org/jboss/logging/jboss-logging/3.4.1.Final/jboss-logging-3.4.1.Final.jar:/home/seele_vollerei/.m2/repository/com/fasterxml/classmate/1.5.1/classmate-1.5.1.jar:/home/seele_vollerei/.m2/repository/org/mybatis/mybatis/3.5.13/mybatis-3.5.13.jar:/home/seele_vollerei/.m2/repository/org/mybatis/mybatis-spring/3.0.3/mybatis-spring-3.0.3.jar:/home/seele_vollerei/.m2/repository/com/github/pagehelper/pagehelper/6.1.0/pagehelper-6.1.0.jar:/home/seele_vollerei/.m2/repository/com/github/jsqlparser/jsqlparser/4.7/jsqlparser-4.7.jar:/home/seele_vollerei/.m2/repository/com/mysql/mysql-connector-j/8.4.0/mysql-connector-j-8.4.0.jar:/home/seele_vollerei/.m2/repository/com/google/protobuf/protobuf-java/3.25.1/protobuf-java-3.25.1.jar:/home/seele_vollerei/.m2/repository/org/apache/commons/commons-dbcp2/2.12.0/commons-dbcp2-2.12.0.jar:/home/seele_vollerei/.m2/repository/org/apache/commons/commons-pool2/2.12.0/commons-pool2-2.12.0.jar:/home/seele_vollerei/.m2/repository/commons-logging/commons-logging/1.3.0/commons-logging-1.3.0.jar:/home/seele_vollerei/.m2/repository/jakarta/transaction/jakarta.transaction-api/1.3.3/jakarta.transaction-api-1.3.3.jar:/home/seele_vollerei/.m2/repository/org/jasypt/jasypt/1.9.3/jasypt-1.9.3.jar:/home/seele_vollerei/.m2/repository/org/projectlombok/lombok/1.18.30/lombok-1.18.30.jar:/home/seele_vollerei/.m2/repository/jakarta/annotation/jakarta.annotation-api/2.1.1/jakarta.annotation-api-2.1.1.jar:/home/seele_vollerei/.m2/repository/com/fasterxml/jackson/core/jackson-databind/2.14.2/jackson-databind-2.14.2.jar:/home/seele_vollerei/.m2/repository/com/fasterxml/jackson/core/jackson-annotations/2.14.2/jackson-annotations-2.14.2.jar:/home/seele_vollerei/.m2/repository/com/fasterxml/jackson/core/jackson-core/2.14.2/jackson-core-2.14.2.jar:/home/seele_vollerei/.m2/repository/org/junit/jupiter/junit-jupiter-api/5.9.2/junit-jupiter-api-5.9.2.jar:/home/seele_vollerei/.m2/repository/org/opentest4j/opentest4j/1.2.0/opentest4j-1.2.0.jar:/home/seele_vollerei/.m2/repository/org/junit/platform/junit-platform-commons/1.9.2/junit-platform-commons-1.9.2.jar:/home/seele_vollerei/.m2/repository/org/apiguardian/apiguardian-api/1.1.2/apiguardian-api-1.1.2.jar:/home/seele_vollerei/.m2/repository/org/junit/jupiter/junit-jupiter-engine/5.9.2/junit-jupiter-engine-5.9.2.jar:/home/seele_vollerei/.m2/repository/org/junit/platform/junit-platform-engine/1.9.2/junit-platform-engine-1.9.2.jar:"/>
    <property name="sun.cpu.endian" value="little"/>
    <property name="user.home" value="/home/seele_vollerei"/>
    <property name="user.language" value="en"/>
    <property name="java.specification.vendor" value="Oracle Corporation"/>
    <property name="java.version.date" value="2024-03-19"/>
    <property name="java.home" value="/usr/lib/jvm/java-22-openjdk-22.0.0.0.36-2.rolling.fc40.x86_64"/>
    <property name="file.separator" value="/"/>
    <property name="basedir" value="/home/seele_vollerei/Code/Java/cloud_book_library"/>
    <property name="java.vm.compressedOopsMode" value="Zero based"/>
    <property name="line.separator" value="&#10;"/>
    <property name="java.specification.name" value="Java Platform API Specification"/>
    <property name="java.vm.specification.vendor" value="Oracle Corporation"/>
    <property name="surefire.real.class.path" value="/home/seele_vollerei/Code/Java/cloud_book_library/target/surefire/surefirebooter-20240509172554467_3.jar"/>
    <property name="sun.management.compiler" value="HotSpot 64-Bit Tiered Compilers"/>
    <property name="java.runtime.version" value="22-ea+36"/>
    <property name="user.name" value="seele_vollerei"/>
    <property name="stdout.encoding" value="UTF-8"/>
    <property name="path.separator" value=":"/>
    <property name="os.version" value="6.1.21.2-microsoft-standard-WSL2+"/>
    <property name="java.runtime.name" value="OpenJDK Runtime Environment"/>
    <property name="file.encoding" value="UTF-8"/>
    <property name="java.vm.name" value="OpenJDK 64-Bit Server VM"/>
    <property name="java.vendor.version" value="(Red_Hat-22.0.0.0.36-3)"/>
    <property name="localRepository" value="/home/seele_vollerei/.m2/repository"/>
    <property name="java.vendor.url.bug" value="https://bugzilla.redhat.com/enter_bug.cgi?product=Fedora&amp;component=java-latest-openjdk&amp;version=38"/>
    <property name="java.io.tmpdir" value="/tmp"/>
    <property name="idea.version" value="2024.1.1"/>
    <property name="java.version" value="22-ea"/>
    <property name="user.dir" value="/home/seele_vollerei/Code/Java/cloud_book_library"/>
    <property name="os.arch" value="amd64"/>
    <property name="java.vm.specification.name" value="Java Virtual Machine Specification"/>
    <property name="native.encoding" value="UTF-8"/>
    <property name="java.library.path" value="/usr/java/packages/lib:/usr/lib64:/lib64:/lib:/usr/lib"/>
    <property name="java.vm.info" value="mixed mode, sharing"/>
    <property name="stderr.encoding" value="UTF-8"/>
    <property name="java.vendor" value="Red Hat, Inc."/>
    <property name="java.vm.version" value="22-ea+36"/>
    <property name="sun.io.unicode.encoding" value="UnicodeLittle"/>
    <property name="java.class.version" value="66.0"/>
  </properties>
  <testcase name="login" classname="com.gy.cbl.service.impl.UserServiceImplTest" time="0.074">
    <system-out><![CDATA[i7Jff6Co3gTHrms+a+fPyd/I6JhynGt/nN2NP5Nl8eaUreR4kJS8X6+wEGYVXSd2
]]></system-out>
  </testcase>
</testsuite>